[Exp4_Stage2] INFO: [TRAIN] cls loss : 3.213475, rgb : 2.145372, MI : -2.015201  (epoch 0.00)
[Exp4_Stage2] INFO: [TRAIN] cls loss : 2.144840, rgb : 1.929533, MI : -1.454819  (epoch 0.13)
[Exp4_Stage2] INFO: [TRAIN] cls loss : 2.765162, rgb : 1.574641, MI : -1.490450  (epoch 0.26)
[Exp4_Stage2] INFO: [TRAIN] cls loss : 1.585790, rgb : 1.804204, MI : -1.566866  (epoch 0.40)
[Exp4_Stage2] INFO: [TRAIN] cls loss : 1.643896, rgb : 1.458336, MI : -1.523510  (epoch 0.53)
[Exp4_Stage2] INFO: [TRAIN] cls loss : 1.420169, rgb : 1.401947, MI : -1.525801  (epoch 0.67)
[Exp4_Stage2] INFO: [TRAIN] cls loss : 1.271394, rgb : 1.517923, MI : -1.429007  (epoch 0.80)
[Exp4_Stage2] INFO: [TRAIN] cls loss : 1.395300, rgb : 1.357585, MI : -1.576127  (epoch 0.94)
[Exp4_Stage2] INFO: [VAL] cls loss : 1.484773 (epoch 0.00)
[Exp4_Stage2] INFO: [VAL] cls loss : 1.219851 (epoch 0.80)
[Exp4_Stage2] INFO: [TRAIN] cls loss : 1.282015, rgb : 1.742862, MI : -1.349988  (epoch 1.00)
[Exp4_Stage2] INFO: [TRAIN] cls loss : 1.305661, rgb : 1.482656, MI : -1.416912  (epoch 1.13)
[Exp4_Stage2] INFO: [TRAIN] cls loss : 1.303233, rgb : 1.940082, MI : -1.450507  (epoch 1.26)
[Exp4_Stage2] INFO: [TRAIN] cls loss : 1.121957, rgb : 1.630772, MI : -1.545878  (epoch 1.40)
[Exp4_Stage2] INFO: [TRAIN] cls loss : 1.258280, rgb : 1.581224, MI : -1.491158  (epoch 1.53)
[Exp4_Stage2] INFO: [TRAIN] cls loss : 0.990222, rgb : 1.495361, MI : -1.421502  (epoch 1.67)
[Exp4_Stage2] INFO: [TRAIN] cls loss : 1.281959, rgb : 1.755759, MI : -1.372828  (epoch 1.80)
[Exp4_Stage2] INFO: [TRAIN] cls loss : 1.300774, rgb : 1.719732, MI : -1.483767  (epoch 1.94)
[Exp4_Stage2] INFO: [VAL] cls loss : 1.277647 (epoch 1.00)
[Exp4_Stage2] INFO: [VAL] cls loss : 1.014224 (epoch 1.80)
[Exp4_Stage2] INFO: [TRAIN] cls loss : 1.242391, rgb : 1.476208, MI : -1.292744  (epoch 2.00)
[Exp4_Stage2] INFO: [TRAIN] cls loss : 1.116206, rgb : 1.497425, MI : -1.532808  (epoch 2.13)
[Exp4_Stage2] INFO: [TRAIN] cls loss : 1.381016, rgb : 1.677270, MI : -1.523385  (epoch 2.26)
[Exp4_Stage2] INFO: [TRAIN] cls loss : 1.477771, rgb : 1.364969, MI : -1.464734  (epoch 2.40)
[Exp4_Stage2] INFO: [TRAIN] cls loss : 0.956640, rgb : 1.236598, MI : -1.428479  (epoch 2.53)
[Exp4_Stage2] INFO: [TRAIN] cls loss : 1.327560, rgb : 1.445136, MI : -1.443992  (epoch 2.67)
[Exp4_Stage2] INFO: [TRAIN] cls loss : 1.139591, rgb : 1.409420, MI : -1.436945  (epoch 2.80)
[Exp4_Stage2] INFO: [TRAIN] cls loss : 0.960225, rgb : 1.533356, MI : -1.492622  (epoch 2.94)
[Exp4_Stage2] INFO: [VAL] cls loss : 1.597741 (epoch 2.00)
[Exp4_Stage2] INFO: [VAL] cls loss : 1.393512 (epoch 2.80)
[Exp4_Stage2] INFO: [TRAIN] cls loss : 1.534055, rgb : 1.425608, MI : -1.578905  (epoch 3.00)
[Exp4_Stage2] INFO: [TRAIN] cls loss : 1.535428, rgb : 1.510342, MI : -1.499851  (epoch 3.13)
[Exp4_Stage2] INFO: [TRAIN] cls loss : 1.510509, rgb : 1.296135, MI : -1.518449  (epoch 3.26)
[Exp4_Stage2] INFO: [TRAIN] cls loss : 2.125560, rgb : 1.446772, MI : -1.564673  (epoch 3.40)
[Exp4_Stage2] INFO: [TRAIN] cls loss : 1.202137, rgb : 1.364378, MI : -1.419887  (epoch 3.53)
[Exp4_Stage2] INFO: [TRAIN] cls loss : 1.170863, rgb : 1.209522, MI : -1.587321  (epoch 3.67)
[Exp4_Stage2] INFO: [TRAIN] cls loss : 1.131679, rgb : 1.365895, MI : -1.571901  (epoch 3.80)
[Exp4_Stage2] INFO: [TRAIN] cls loss : 2.007753, rgb : 1.400792, MI : -1.371185  (epoch 3.94)
[Exp4_Stage2] INFO: [VAL] cls loss : 1.136241 (epoch 3.00)
[Exp4_Stage2] INFO: [VAL] cls loss : 0.907565 (epoch 3.80)
[Exp4_Stage2] INFO: [TRAIN] cls loss : 1.120212, rgb : 1.605198, MI : -1.427581  (epoch 4.00)
[Exp4_Stage2] INFO: [TRAIN] cls loss : 1.407362, rgb : 1.322574, MI : -1.615100  (epoch 4.13)
[Exp4_Stage2] INFO: [TRAIN] cls loss : 1.181291, rgb : 1.260484, MI : -1.348921  (epoch 4.26)
[Exp4_Stage2] INFO: [TRAIN] cls loss : 1.596603, rgb : 1.253506, MI : -1.485895  (epoch 4.40)
[Exp4_Stage2] INFO: [TRAIN] cls loss : 1.082175, rgb : 1.709529, MI : -1.551009  (epoch 4.53)
[Exp4_Stage2] INFO: [TRAIN] cls loss : 0.818209, rgb : 1.356894, MI : -1.368844  (epoch 4.67)
[Exp4_Stage2] INFO: [TRAIN] cls loss : 1.406978, rgb : 1.621752, MI : -1.510939  (epoch 4.80)
[Exp4_Stage2] INFO: [TRAIN] cls loss : 1.626019, rgb : 1.613548, MI : -1.483773  (epoch 4.94)
[Exp4_Stage2] INFO: [VAL] cls loss : 1.222878 (epoch 4.00)
[Exp4_Stage2] INFO: [VAL] cls loss : 0.801165 (epoch 4.80)
[Exp4_Stage2] INFO: [TRAIN] cls loss : 1.667111, rgb : 1.724827, MI : -1.520658  (epoch 5.00)
[Exp4_Stage2] INFO: [TRAIN] cls loss : 1.952841, rgb : 1.383043, MI : -1.533211  (epoch 5.13)
[Exp4_Stage2] INFO: [TRAIN] cls loss : nan, rgb : nan, MI : nan  (epoch 5.26)
[Exp4_Stage2] INFO: [TRAIN] cls loss : nan, rgb : nan, MI : nan  (epoch 5.40)
[Exp4_Stage2] INFO: [TRAIN] cls loss : nan, rgb : nan, MI : nan  (epoch 5.53)
[Exp4_Stage2] INFO: [TRAIN] cls loss : nan, rgb : nan, MI : nan  (epoch 5.67)
[Exp4_Stage2] INFO: [TRAIN] cls loss : nan, rgb : nan, MI : nan  (epoch 5.80)
[Exp4_Stage2] INFO: [TRAIN] cls loss : nan, rgb : nan, MI : nan  (epoch 5.94)
[Exp4_Stage2] INFO: [VAL] cls loss : nan (epoch 5.00)
[Exp4_Stage2] INFO: [VAL] cls loss : nan (epoch 5.80)
[Exp4_Stage2] INFO: [TRAIN] cls loss : nan, rgb : nan, MI : nan  (epoch 6.00)
[Exp4_Stage2] INFO: [TRAIN] cls loss : nan, rgb : nan, MI : nan  (epoch 6.13)
[Exp4_Stage2] INFO: [TRAIN] cls loss : nan, rgb : nan, MI : nan  (epoch 6.26)
[Exp4_Stage2] INFO: [TRAIN] cls loss : nan, rgb : nan, MI : nan  (epoch 6.40)
[Exp4_Stage2] INFO: [TRAIN] cls loss : nan, rgb : nan, MI : nan  (epoch 6.53)
[Exp4_Stage2] INFO: [TRAIN] cls loss : nan, rgb : nan, MI : nan  (epoch 6.67)
[Exp4_Stage2] INFO: [TRAIN] cls loss : nan, rgb : nan, MI : nan  (epoch 6.80)
[Exp4_Stage2] INFO: [TRAIN] cls loss : nan, rgb : nan, MI : nan  (epoch 6.94)
[Exp4_Stage2] INFO: [VAL] cls loss : nan (epoch 6.00)
[Exp4_Stage2] INFO: [VAL] cls loss : nan (epoch 6.80)
[Exp4_Stage2] INFO: [TRAIN] cls loss : nan, rgb : nan, MI : nan  (epoch 7.00)
[Exp4_Stage2] INFO: [TRAIN] cls loss : nan, rgb : nan, MI : nan  (epoch 7.13)
[Exp4_Stage2] INFO: [TRAIN] cls loss : nan, rgb : nan, MI : nan  (epoch 7.26)
[Exp4_Stage2] INFO: [TRAIN] cls loss : nan, rgb : nan, MI : nan  (epoch 7.40)
[Exp4_Stage2] INFO: [TRAIN] cls loss : nan, rgb : nan, MI : nan  (epoch 7.53)
[Exp4_Stage2] INFO: [TRAIN] cls loss : nan, rgb : nan, MI : nan  (epoch 7.67)
[Exp4_Stage2] INFO: [TRAIN] cls loss : nan, rgb : nan, MI : nan  (epoch 7.80)
[Exp4_Stage2] INFO: [TRAIN] cls loss : nan, rgb : nan, MI : nan  (epoch 7.94)
[Exp4_Stage2] INFO: [VAL] cls loss : nan (epoch 7.00)
[Exp4_Stage2] INFO: [VAL] cls loss : nan (epoch 7.80)
[Exp4_Stage2] INFO: [TRAIN] cls loss : nan, rgb : nan, MI : nan  (epoch 8.00)
[Exp4_Stage2] INFO: [TRAIN] cls loss : nan, rgb : nan, MI : nan  (epoch 8.13)
[Exp4_Stage2] INFO: [TRAIN] cls loss : nan, rgb : nan, MI : nan  (epoch 8.26)
[Exp4_Stage2] INFO: [TRAIN] cls loss : nan, rgb : nan, MI : nan  (epoch 8.40)
[Exp4_Stage2] INFO: [TRAIN] cls loss : nan, rgb : nan, MI : nan  (epoch 8.53)
[Exp4_Stage2] INFO: [TRAIN] cls loss : nan, rgb : nan, MI : nan  (epoch 8.67)
[Exp4_Stage2] INFO: [TRAIN] cls loss : nan, rgb : nan, MI : nan  (epoch 8.80)
[Exp4_Stage2] INFO: [TRAIN] cls loss : nan, rgb : nan, MI : nan  (epoch 8.94)
[Exp4_Stage2] INFO: [VAL] cls loss : nan (epoch 8.00)
[Exp4_Stage2] INFO: [VAL] cls loss : nan (epoch 8.80)
[Exp4_Stage2] INFO: [TRAIN] cls loss : nan, rgb : nan, MI : nan  (epoch 9.00)
[Exp4_Stage2] INFO: [TRAIN] cls loss : nan, rgb : nan, MI : nan  (epoch 9.13)
[Exp4_Stage2] INFO: [TRAIN] cls loss : nan, rgb : nan, MI : nan  (epoch 9.26)
[Exp4_Stage2] INFO: [TRAIN] cls loss : nan, rgb : nan, MI : nan  (epoch 9.40)
[Exp4_Stage2] INFO: [TRAIN] cls loss : nan, rgb : nan, MI : nan  (epoch 9.53)
[Exp4_Stage2] INFO: [TRAIN] cls loss : nan, rgb : nan, MI : nan  (epoch 9.67)
[Exp4_Stage2] INFO: [TRAIN] cls loss : nan, rgb : nan, MI : nan  (epoch 9.80)
[Exp4_Stage2] INFO: [TRAIN] cls loss : nan, rgb : nan, MI : nan  (epoch 9.94)
[Exp4_Stage2] INFO: [VAL] cls loss : nan (epoch 9.00)
[Exp4_Stage2] INFO: [VAL] cls loss : nan (epoch 9.80)
[Exp4_Stage2] INFO: [TRAIN] cls loss : nan, rgb : nan, MI : nan  (epoch 10.00)
[Exp4_Stage2] INFO: [TRAIN] cls loss : nan, rgb : nan, MI : nan  (epoch 10.13)
[Exp4_Stage2] INFO: [TRAIN] cls loss : nan, rgb : nan, MI : nan  (epoch 10.26)
[Exp4_Stage2] INFO: [TRAIN] cls loss : nan, rgb : nan, MI : nan  (epoch 10.40)
[Exp4_Stage2] INFO: [TRAIN] cls loss : nan, rgb : nan, MI : nan  (epoch 10.53)
[Exp4_Stage2] INFO: [TRAIN] cls loss : nan, rgb : nan, MI : nan  (epoch 10.67)
[Exp4_Stage2] INFO: [TRAIN] cls loss : nan, rgb : nan, MI : nan  (epoch 10.80)
[Exp4_Stage2] INFO: [TRAIN] cls loss : nan, rgb : nan, MI : nan  (epoch 10.94)
[Exp4_Stage2] INFO: [VAL] cls loss : nan (epoch 10.00)
[Exp4_Stage2] INFO: [VAL] cls loss : nan (epoch 10.80)
[Exp4_Stage2] INFO: [TRAIN] cls loss : nan, rgb : nan, MI : nan  (epoch 11.00)
[Exp4_Stage2] INFO: [TRAIN] cls loss : nan, rgb : nan, MI : nan  (epoch 11.13)
[Exp4_Stage2] INFO: [TRAIN] cls loss : nan, rgb : nan, MI : nan  (epoch 11.26)
[Exp4_Stage2] INFO: [TRAIN] cls loss : nan, rgb : nan, MI : nan  (epoch 11.40)
[Exp4_Stage2] INFO: [TRAIN] cls loss : nan, rgb : nan, MI : nan  (epoch 11.53)
[Exp4_Stage2] INFO: [TRAIN] cls loss : nan, rgb : nan, MI : nan  (epoch 11.67)
[Exp4_Stage2] INFO: [TRAIN] cls loss : nan, rgb : nan, MI : nan  (epoch 11.80)
[Exp4_Stage2] INFO: [TRAIN] cls loss : nan, rgb : nan, MI : nan  (epoch 11.94)
[Exp4_Stage2] INFO: [VAL] cls loss : nan (epoch 11.00)
[Exp4_Stage2] INFO: [VAL] cls loss : nan (epoch 11.80)
[Exp4_Stage2] INFO: [TRAIN] cls loss : nan, rgb : nan, MI : nan  (epoch 12.00)
[Exp4_Stage2] INFO: [TRAIN] cls loss : nan, rgb : nan, MI : nan  (epoch 12.13)
[Exp4_Stage2] INFO: [TRAIN] cls loss : nan, rgb : nan, MI : nan  (epoch 12.26)
[Exp4_Stage2] INFO: [TRAIN] cls loss : nan, rgb : nan, MI : nan  (epoch 12.40)
[Exp4_Stage2] INFO: [TRAIN] cls loss : nan, rgb : nan, MI : nan  (epoch 12.53)
[Exp4_Stage2] INFO: [TRAIN] cls loss : nan, rgb : nan, MI : nan  (epoch 12.67)
[Exp4_Stage2] INFO: [TRAIN] cls loss : nan, rgb : nan, MI : nan  (epoch 12.80)
[Exp4_Stage2] INFO: [TRAIN] cls loss : nan, rgb : nan, MI : nan  (epoch 12.94)
[Exp4_Stage2] INFO: [VAL] cls loss : nan (epoch 12.00)
[Exp4_Stage2] INFO: [VAL] cls loss : nan (epoch 12.80)
[Exp4_Stage2] INFO: [TRAIN] cls loss : nan, rgb : nan, MI : nan  (epoch 13.00)
[Exp4_Stage2] INFO: [TRAIN] cls loss : nan, rgb : nan, MI : nan  (epoch 13.13)
[Exp4_Stage2] INFO: [TRAIN] cls loss : nan, rgb : nan, MI : nan  (epoch 13.26)
[Exp4_Stage2] INFO: [TRAIN] cls loss : nan, rgb : nan, MI : nan  (epoch 13.40)
[Exp4_Stage2] INFO: [TRAIN] cls loss : nan, rgb : nan, MI : nan  (epoch 13.53)
[Exp4_Stage2] INFO: [TRAIN] cls loss : nan, rgb : nan, MI : nan  (epoch 13.67)
[Exp4_Stage2] INFO: [TRAIN] cls loss : nan, rgb : nan, MI : nan  (epoch 13.80)
[Exp4_Stage2] INFO: [TRAIN] cls loss : nan, rgb : nan, MI : nan  (epoch 13.94)
[Exp4_Stage2] INFO: [VAL] cls loss : nan (epoch 13.00)
[Exp4_Stage2] INFO: [VAL] cls loss : nan (epoch 13.80)
[Exp4_Stage2] INFO: [TRAIN] cls loss : nan, rgb : nan, MI : nan  (epoch 14.00)
[Exp4_Stage2] INFO: [TRAIN] cls loss : nan, rgb : nan, MI : nan  (epoch 14.13)
[Exp4_Stage2] INFO: [TRAIN] cls loss : nan, rgb : nan, MI : nan  (epoch 14.26)
[Exp4_Stage2] INFO: [TRAIN] cls loss : nan, rgb : nan, MI : nan  (epoch 14.40)
[Exp4_Stage2] INFO: [TRAIN] cls loss : nan, rgb : nan, MI : nan  (epoch 14.53)
[Exp4_Stage2] INFO: [TRAIN] cls loss : nan, rgb : nan, MI : nan  (epoch 14.67)
[Exp4_Stage2] INFO: [TRAIN] cls loss : nan, rgb : nan, MI : nan  (epoch 14.80)
[Exp4_Stage2] INFO: [TRAIN] cls loss : nan, rgb : nan, MI : nan  (epoch 14.94)
[Exp4_Stage2] INFO: [VAL] cls loss : nan (epoch 14.00)
[Exp4_Stage2] INFO: [VAL] cls loss : nan (epoch 14.80)
[Exp4_Stage2] INFO: [TRAIN] cls loss : nan, rgb : nan, MI : nan  (epoch 15.00)
[Exp4_Stage2] INFO: [TRAIN] cls loss : nan, rgb : nan, MI : nan  (epoch 15.13)
[Exp4_Stage2] INFO: [TRAIN] cls loss : nan, rgb : nan, MI : nan  (epoch 15.26)
[Exp4_Stage2] INFO: [TRAIN] cls loss : nan, rgb : nan, MI : nan  (epoch 15.40)
[Exp4_Stage2] INFO: [TRAIN] cls loss : nan, rgb : nan, MI : nan  (epoch 15.53)
[Exp4_Stage2] INFO: [TRAIN] cls loss : nan, rgb : nan, MI : nan  (epoch 15.67)
[Exp4_Stage2] INFO: [TRAIN] cls loss : nan, rgb : nan, MI : nan  (epoch 15.80)
[Exp4_Stage2] INFO: [TRAIN] cls loss : nan, rgb : nan, MI : nan  (epoch 15.94)
[Exp4_Stage2] INFO: [VAL] cls loss : nan (epoch 15.00)
[Exp4_Stage2] INFO: [VAL] cls loss : nan (epoch 15.80)
[Exp4_Stage2] INFO: [TRAIN] cls loss : nan, rgb : nan, MI : nan  (epoch 16.00)
[Exp4_Stage2] INFO: [TRAIN] cls loss : nan, rgb : nan, MI : nan  (epoch 16.13)
[Exp4_Stage2] INFO: [TRAIN] cls loss : nan, rgb : nan, MI : nan  (epoch 16.26)
[Exp4_Stage2] INFO: [TRAIN] cls loss : nan, rgb : nan, MI : nan  (epoch 16.40)
[Exp4_Stage2] INFO: [TRAIN] cls loss : nan, rgb : nan, MI : nan  (epoch 16.53)
[Exp4_Stage2] INFO: [TRAIN] cls loss : nan, rgb : nan, MI : nan  (epoch 16.67)
[Exp4_Stage2] INFO: [TRAIN] cls loss : nan, rgb : nan, MI : nan  (epoch 16.80)
[Exp4_Stage2] INFO: [TRAIN] cls loss : nan, rgb : nan, MI : nan  (epoch 16.94)
[Exp4_Stage2] INFO: [VAL] cls loss : nan (epoch 16.00)
[Exp4_Stage2] INFO: [VAL] cls loss : nan (epoch 16.80)
[Exp4_Stage2] INFO: [TRAIN] cls loss : nan, rgb : nan, MI : nan  (epoch 17.00)
[Exp4_Stage2] INFO: [TRAIN] cls loss : nan, rgb : nan, MI : nan  (epoch 17.13)
[Exp4_Stage2] INFO: [TRAIN] cls loss : nan, rgb : nan, MI : nan  (epoch 17.26)
[Exp4_Stage2] INFO: [TRAIN] cls loss : nan, rgb : nan, MI : nan  (epoch 17.40)
[Exp4_Stage2] INFO: [TRAIN] cls loss : nan, rgb : nan, MI : nan  (epoch 17.53)
[Exp4_Stage2] INFO: [TRAIN] cls loss : nan, rgb : nan, MI : nan  (epoch 17.67)
[Exp4_Stage2] INFO: [TRAIN] cls loss : nan, rgb : nan, MI : nan  (epoch 17.80)
[Exp4_Stage2] INFO: [TRAIN] cls loss : nan, rgb : nan, MI : nan  (epoch 17.94)
[Exp4_Stage2] INFO: [VAL] cls loss : nan (epoch 17.00)
[Exp4_Stage2] INFO: [VAL] cls loss : nan (epoch 17.80)
[Exp4_Stage2] INFO: [TRAIN] cls loss : nan, rgb : nan, MI : nan  (epoch 18.00)
[Exp4_Stage2] INFO: [TRAIN] cls loss : nan, rgb : nan, MI : nan  (epoch 18.13)
[Exp4_Stage2] INFO: [TRAIN] cls loss : nan, rgb : nan, MI : nan  (epoch 18.26)
[Exp4_Stage2] INFO: [TRAIN] cls loss : nan, rgb : nan, MI : nan  (epoch 18.40)
[Exp4_Stage2] INFO: [TRAIN] cls loss : nan, rgb : nan, MI : nan  (epoch 18.53)
[Exp4_Stage2] INFO: [TRAIN] cls loss : nan, rgb : nan, MI : nan  (epoch 18.67)
[Exp4_Stage2] INFO: [TRAIN] cls loss : nan, rgb : nan, MI : nan  (epoch 18.80)
[Exp4_Stage2] INFO: [TRAIN] cls loss : nan, rgb : nan, MI : nan  (epoch 18.94)
[Exp4_Stage2] INFO: [VAL] cls loss : nan (epoch 18.00)
[Exp4_Stage2] INFO: [VAL] cls loss : nan (epoch 18.80)
[Exp4_Stage2] INFO: [TRAIN] cls loss : nan, rgb : nan, MI : nan  (epoch 19.00)
[Exp4_Stage2] INFO: [TRAIN] cls loss : nan, rgb : nan, MI : nan  (epoch 19.13)
[Exp4_Stage2] INFO: [TRAIN] cls loss : nan, rgb : nan, MI : nan  (epoch 19.26)
[Exp4_Stage2] INFO: [TRAIN] cls loss : nan, rgb : nan, MI : nan  (epoch 19.40)
[Exp4_Stage2] INFO: [TRAIN] cls loss : nan, rgb : nan, MI : nan  (epoch 19.53)
[Exp4_Stage2] INFO: [TRAIN] cls loss : nan, rgb : nan, MI : nan  (epoch 19.67)
[Exp4_Stage2] INFO: [TRAIN] cls loss : nan, rgb : nan, MI : nan  (epoch 19.80)
[Exp4_Stage2] INFO: [TRAIN] cls loss : nan, rgb : nan, MI : nan  (epoch 19.94)
[Exp4_Stage2] INFO: [VAL] cls loss : nan (epoch 19.00)
[Exp4_Stage2] INFO: [VAL] cls loss : nan (epoch 19.80)
[Exp4_Stage2] INFO: [TRAIN] cls loss : nan, rgb : nan, MI : nan  (epoch 20.00)
[Exp4_Stage2] INFO: [TRAIN] cls loss : nan, rgb : nan, MI : nan  (epoch 20.13)
[Exp4_Stage2] INFO: [TRAIN] cls loss : nan, rgb : nan, MI : nan  (epoch 20.26)
[Exp4_Stage2] INFO: [TRAIN] cls loss : nan, rgb : nan, MI : nan  (epoch 20.40)
[Exp4_Stage2] INFO: [TRAIN] cls loss : nan, rgb : nan, MI : nan  (epoch 20.53)
[Exp4_Stage2] INFO: [TRAIN] cls loss : nan, rgb : nan, MI : nan  (epoch 20.67)
[Exp4_Stage2] INFO: [TRAIN] cls loss : nan, rgb : nan, MI : nan  (epoch 20.80)
[Exp4_Stage2] INFO: [TRAIN] cls loss : nan, rgb : nan, MI : nan  (epoch 20.94)
[Exp4_Stage2] INFO: [VAL] cls loss : nan (epoch 20.00)
[Exp4_Stage2] INFO: [VAL] cls loss : nan (epoch 20.80)
[Exp4_Stage2] INFO: [TRAIN] cls loss : nan, rgb : nan, MI : nan  (epoch 21.00)
[Exp4_Stage2] INFO: [TRAIN] cls loss : nan, rgb : nan, MI : nan  (epoch 21.13)
[Exp4_Stage2] INFO: [TRAIN] cls loss : nan, rgb : nan, MI : nan  (epoch 21.26)
[Exp4_Stage2] INFO: [TRAIN] cls loss : nan, rgb : nan, MI : nan  (epoch 21.40)
[Exp4_Stage2] INFO: [TRAIN] cls loss : nan, rgb : nan, MI : nan  (epoch 21.53)
[Exp4_Stage2] INFO: [TRAIN] cls loss : nan, rgb : nan, MI : nan  (epoch 21.67)
[Exp4_Stage2] INFO: [TRAIN] cls loss : nan, rgb : nan, MI : nan  (epoch 21.80)
[Exp4_Stage2] INFO: [TRAIN] cls loss : nan, rgb : nan, MI : nan  (epoch 21.94)
[Exp4_Stage2] INFO: [VAL] cls loss : nan (epoch 21.00)
[Exp4_Stage2] INFO: [VAL] cls loss : nan (epoch 21.80)
[Exp4_Stage2] INFO: [TRAIN] cls loss : nan, rgb : nan, MI : nan  (epoch 22.00)
[Exp4_Stage2] INFO: [TRAIN] cls loss : nan, rgb : nan, MI : nan  (epoch 22.13)
[Exp4_Stage2] INFO: [TRAIN] cls loss : nan, rgb : nan, MI : nan  (epoch 22.26)
[Exp4_Stage2] INFO: [TRAIN] cls loss : nan, rgb : nan, MI : nan  (epoch 22.40)
[Exp4_Stage2] INFO: [TRAIN] cls loss : nan, rgb : nan, MI : nan  (epoch 22.53)
[Exp4_Stage2] INFO: [TRAIN] cls loss : nan, rgb : nan, MI : nan  (epoch 22.67)
[Exp4_Stage2] INFO: [TRAIN] cls loss : nan, rgb : nan, MI : nan  (epoch 22.80)
[Exp4_Stage2] INFO: [TRAIN] cls loss : nan, rgb : nan, MI : nan  (epoch 22.94)
[Exp4_Stage2] INFO: [VAL] cls loss : nan (epoch 22.00)
[Exp4_Stage2] INFO: [VAL] cls loss : nan (epoch 22.80)
[Exp4_Stage2] INFO: [TRAIN] cls loss : nan, rgb : nan, MI : nan  (epoch 23.00)
[Exp4_Stage2] INFO: [TRAIN] cls loss : nan, rgb : nan, MI : nan  (epoch 23.13)
[Exp4_Stage2] INFO: [TRAIN] cls loss : nan, rgb : nan, MI : nan  (epoch 23.26)
[Exp4_Stage2] INFO: [TRAIN] cls loss : nan, rgb : nan, MI : nan  (epoch 23.40)
[Exp4_Stage2] INFO: [TRAIN] cls loss : nan, rgb : nan, MI : nan  (epoch 23.53)
[Exp4_Stage2] INFO: [TRAIN] cls loss : nan, rgb : nan, MI : nan  (epoch 23.67)
[Exp4_Stage2] INFO: [TRAIN] cls loss : nan, rgb : nan, MI : nan  (epoch 23.80)
[Exp4_Stage2] INFO: [TRAIN] cls loss : nan, rgb : nan, MI : nan  (epoch 23.94)
[Exp4_Stage2] INFO: [VAL] cls loss : nan (epoch 23.00)
[Exp4_Stage2] INFO: [VAL] cls loss : nan (epoch 23.80)
[Exp4_Stage2] INFO: [TRAIN] cls loss : nan, rgb : nan, MI : nan  (epoch 24.00)
[Exp4_Stage2] INFO: [TRAIN] cls loss : nan, rgb : nan, MI : nan  (epoch 24.13)
[Exp4_Stage2] INFO: [TRAIN] cls loss : nan, rgb : nan, MI : nan  (epoch 24.26)
[Exp4_Stage2] INFO: [TRAIN] cls loss : nan, rgb : nan, MI : nan  (epoch 24.40)
[Exp4_Stage2] INFO: [TRAIN] cls loss : nan, rgb : nan, MI : nan  (epoch 24.53)
[Exp4_Stage2] INFO: [TRAIN] cls loss : nan, rgb : nan, MI : nan  (epoch 24.67)
[Exp4_Stage2] INFO: [TRAIN] cls loss : nan, rgb : nan, MI : nan  (epoch 24.80)
[Exp4_Stage2] INFO: [TRAIN] cls loss : nan, rgb : nan, MI : nan  (epoch 24.94)
[Exp4_Stage2] INFO: [VAL] cls loss : nan (epoch 24.00)
[Exp4_Stage2] INFO: [VAL] cls loss : nan (epoch 24.80)
[Exp4_Stage2] INFO: [TRAIN] cls loss : nan, rgb : nan, MI : nan  (epoch 25.00)
[Exp4_Stage2] INFO: [TRAIN] cls loss : nan, rgb : nan, MI : nan  (epoch 25.13)
[Exp4_Stage2] INFO: [TRAIN] cls loss : nan, rgb : nan, MI : nan  (epoch 25.26)
[Exp4_Stage2] INFO: [TRAIN] cls loss : nan, rgb : nan, MI : nan  (epoch 25.40)
[Exp4_Stage2] INFO: [TRAIN] cls loss : nan, rgb : nan, MI : nan  (epoch 25.53)
[Exp4_Stage2] INFO: [TRAIN] cls loss : nan, rgb : nan, MI : nan  (epoch 25.67)
[Exp4_Stage2] INFO: [TRAIN] cls loss : nan, rgb : nan, MI : nan  (epoch 25.80)
[Exp4_Stage2] INFO: [TRAIN] cls loss : nan, rgb : nan, MI : nan  (epoch 25.94)
[Exp4_Stage2] INFO: [VAL] cls loss : nan (epoch 25.00)
[Exp4_Stage2] INFO: [VAL] cls loss : nan (epoch 25.80)
[Exp4_Stage2] INFO: [TRAIN] cls loss : nan, rgb : nan, MI : nan  (epoch 26.00)
[Exp4_Stage2] INFO: [TRAIN] cls loss : nan, rgb : nan, MI : nan  (epoch 26.13)
[Exp4_Stage2] INFO: [TRAIN] cls loss : nan, rgb : nan, MI : nan  (epoch 26.26)
[Exp4_Stage2] INFO: [TRAIN] cls loss : nan, rgb : nan, MI : nan  (epoch 26.40)
[Exp4_Stage2] INFO: [TRAIN] cls loss : nan, rgb : nan, MI : nan  (epoch 26.53)
[Exp4_Stage2] INFO: [TRAIN] cls loss : nan, rgb : nan, MI : nan  (epoch 26.67)
[Exp4_Stage2] INFO: [TRAIN] cls loss : nan, rgb : nan, MI : nan  (epoch 26.80)
[Exp4_Stage2] INFO: [TRAIN] cls loss : nan, rgb : nan, MI : nan  (epoch 26.94)
[Exp4_Stage2] INFO: [VAL] cls loss : nan (epoch 26.00)
[Exp4_Stage2] INFO: [VAL] cls loss : nan (epoch 26.80)
[Exp4_Stage2] INFO: [TRAIN] cls loss : nan, rgb : nan, MI : nan  (epoch 27.00)
[Exp4_Stage2] INFO: [TRAIN] cls loss : nan, rgb : nan, MI : nan  (epoch 27.13)
[Exp4_Stage2] INFO: [TRAIN] cls loss : nan, rgb : nan, MI : nan  (epoch 27.26)
[Exp4_Stage2] INFO: [TRAIN] cls loss : nan, rgb : nan, MI : nan  (epoch 27.40)
[Exp4_Stage2] INFO: [TRAIN] cls loss : nan, rgb : nan, MI : nan  (epoch 27.53)
[Exp4_Stage2] INFO: [TRAIN] cls loss : nan, rgb : nan, MI : nan  (epoch 27.67)
[Exp4_Stage2] INFO: [TRAIN] cls loss : nan, rgb : nan, MI : nan  (epoch 27.80)
[Exp4_Stage2] INFO: [TRAIN] cls loss : nan, rgb : nan, MI : nan  (epoch 27.94)
[Exp4_Stage2] INFO: [VAL] cls loss : nan (epoch 27.00)
[Exp4_Stage2] INFO: [VAL] cls loss : nan (epoch 27.80)
[Exp4_Stage2] INFO: [TRAIN] cls loss : nan, rgb : nan, MI : nan  (epoch 28.00)
[Exp4_Stage2] INFO: [TRAIN] cls loss : nan, rgb : nan, MI : nan  (epoch 28.13)
[Exp4_Stage2] INFO: [TRAIN] cls loss : nan, rgb : nan, MI : nan  (epoch 28.26)
[Exp4_Stage2] INFO: [TRAIN] cls loss : nan, rgb : nan, MI : nan  (epoch 28.40)
[Exp4_Stage2] INFO: [TRAIN] cls loss : nan, rgb : nan, MI : nan  (epoch 28.53)
[Exp4_Stage2] INFO: [TRAIN] cls loss : nan, rgb : nan, MI : nan  (epoch 28.67)
[Exp4_Stage2] INFO: [TRAIN] cls loss : nan, rgb : nan, MI : nan  (epoch 28.80)
[Exp4_Stage2] INFO: [TRAIN] cls loss : nan, rgb : nan, MI : nan  (epoch 28.94)
[Exp4_Stage2] INFO: [VAL] cls loss : nan (epoch 28.00)
[Exp4_Stage2] INFO: [VAL] cls loss : nan (epoch 28.80)
[Exp4_Stage2] INFO: [TRAIN] cls loss : nan, rgb : nan, MI : nan  (epoch 29.00)
[Exp4_Stage2] INFO: [TRAIN] cls loss : nan, rgb : nan, MI : nan  (epoch 29.13)
[Exp4_Stage2] INFO: [TRAIN] cls loss : nan, rgb : nan, MI : nan  (epoch 29.26)
[Exp4_Stage2] INFO: [TRAIN] cls loss : nan, rgb : nan, MI : nan  (epoch 29.40)
[Exp4_Stage2] INFO: [TRAIN] cls loss : nan, rgb : nan, MI : nan  (epoch 29.53)
[Exp4_Stage2] INFO: [TRAIN] cls loss : nan, rgb : nan, MI : nan  (epoch 29.67)
[Exp4_Stage2] INFO: [TRAIN] cls loss : nan, rgb : nan, MI : nan  (epoch 29.80)
[Exp4_Stage2] INFO: [TRAIN] cls loss : nan, rgb : nan, MI : nan  (epoch 29.94)
[Exp4_Stage2] INFO: [VAL] cls loss : nan (epoch 29.00)
[Exp4_Stage2] INFO: [VAL] cls loss : nan (epoch 29.80)
[Exp4_Stage2] INFO: [TRAIN] cls loss : nan, rgb : nan, MI : nan  (epoch 30.00)
[Exp4_Stage2] INFO: [TRAIN] cls loss : nan, rgb : nan, MI : nan  (epoch 30.13)
[Exp4_Stage2] INFO: [TRAIN] cls loss : nan, rgb : nan, MI : nan  (epoch 30.26)
[Exp4_Stage2] INFO: [TRAIN] cls loss : nan, rgb : nan, MI : nan  (epoch 30.40)
[Exp4_Stage2] INFO: [TRAIN] cls loss : nan, rgb : nan, MI : nan  (epoch 30.53)
[Exp4_Stage2] INFO: [TRAIN] cls loss : nan, rgb : nan, MI : nan  (epoch 30.67)
[Exp4_Stage2] INFO: [TRAIN] cls loss : nan, rgb : nan, MI : nan  (epoch 30.80)
[Exp4_Stage2] INFO: [TRAIN] cls loss : nan, rgb : nan, MI : nan  (epoch 30.94)
[Exp4_Stage2] INFO: [VAL] cls loss : nan (epoch 30.00)
[Exp4_Stage2] INFO: [VAL] cls loss : nan (epoch 30.80)
[Exp4_Stage2] INFO: [TRAIN] cls loss : nan, rgb : nan, MI : nan  (epoch 31.00)
[Exp4_Stage2] INFO: [TRAIN] cls loss : nan, rgb : nan, MI : nan  (epoch 31.13)
[Exp4_Stage2] INFO: [TRAIN] cls loss : nan, rgb : nan, MI : nan  (epoch 31.26)
[Exp4_Stage2] INFO: [TRAIN] cls loss : nan, rgb : nan, MI : nan  (epoch 31.40)
[Exp4_Stage2] INFO: [TRAIN] cls loss : nan, rgb : nan, MI : nan  (epoch 31.53)
[Exp4_Stage2] INFO: [TRAIN] cls loss : nan, rgb : nan, MI : nan  (epoch 31.67)
[Exp4_Stage2] INFO: [TRAIN] cls loss : nan, rgb : nan, MI : nan  (epoch 31.80)
[Exp4_Stage2] INFO: [TRAIN] cls loss : nan, rgb : nan, MI : nan  (epoch 31.94)
[Exp4_Stage2] INFO: [VAL] cls loss : nan (epoch 31.00)
[Exp4_Stage2] INFO: [VAL] cls loss : nan (epoch 31.80)
[Exp4_Stage2] INFO: [TRAIN] cls loss : nan, rgb : nan, MI : nan  (epoch 32.00)
[Exp4_Stage2] INFO: [TRAIN] cls loss : nan, rgb : nan, MI : nan  (epoch 32.13)
[Exp4_Stage2] INFO: [TRAIN] cls loss : nan, rgb : nan, MI : nan  (epoch 32.26)
[Exp4_Stage2] INFO: [TRAIN] cls loss : nan, rgb : nan, MI : nan  (epoch 32.40)
[Exp4_Stage2] INFO: [TRAIN] cls loss : nan, rgb : nan, MI : nan  (epoch 32.53)
[Exp4_Stage2] INFO: [TRAIN] cls loss : nan, rgb : nan, MI : nan  (epoch 32.67)
[Exp4_Stage2] INFO: [TRAIN] cls loss : nan, rgb : nan, MI : nan  (epoch 32.80)
[Exp4_Stage2] INFO: [TRAIN] cls loss : nan, rgb : nan, MI : nan  (epoch 32.94)
[Exp4_Stage2] INFO: [VAL] cls loss : nan (epoch 32.00)
[Exp4_Stage2] INFO: [VAL] cls loss : nan (epoch 32.80)
[Exp4_Stage2] INFO: [TRAIN] cls loss : nan, rgb : nan, MI : nan  (epoch 33.00)
[Exp4_Stage2] INFO: [TRAIN] cls loss : nan, rgb : nan, MI : nan  (epoch 33.13)
[Exp4_Stage2] INFO: [TRAIN] cls loss : nan, rgb : nan, MI : nan  (epoch 33.26)
[Exp4_Stage2] INFO: [TRAIN] cls loss : nan, rgb : nan, MI : nan  (epoch 33.40)
[Exp4_Stage2] INFO: [TRAIN] cls loss : nan, rgb : nan, MI : nan  (epoch 33.53)
[Exp4_Stage2] INFO: [TRAIN] cls loss : nan, rgb : nan, MI : nan  (epoch 33.67)
[Exp4_Stage2] INFO: [TRAIN] cls loss : nan, rgb : nan, MI : nan  (epoch 33.80)
[Exp4_Stage2] INFO: [TRAIN] cls loss : nan, rgb : nan, MI : nan  (epoch 33.94)
[Exp4_Stage2] INFO: [VAL] cls loss : nan (epoch 33.00)
[Exp4_Stage2] INFO: [VAL] cls loss : nan (epoch 33.80)
[Exp4_Stage2] INFO: [TRAIN] cls loss : nan, rgb : nan, MI : nan  (epoch 34.00)
[Exp4_Stage2] INFO: [TRAIN] cls loss : nan, rgb : nan, MI : nan  (epoch 34.13)
[Exp4_Stage2] INFO: [TRAIN] cls loss : nan, rgb : nan, MI : nan  (epoch 34.26)
[Exp4_Stage2] INFO: [TRAIN] cls loss : nan, rgb : nan, MI : nan  (epoch 34.40)
[Exp4_Stage2] INFO: [TRAIN] cls loss : nan, rgb : nan, MI : nan  (epoch 34.53)
[Exp4_Stage2] INFO: [TRAIN] cls loss : nan, rgb : nan, MI : nan  (epoch 34.67)
[Exp4_Stage2] INFO: [TRAIN] cls loss : nan, rgb : nan, MI : nan  (epoch 34.80)
[Exp4_Stage2] INFO: [TRAIN] cls loss : nan, rgb : nan, MI : nan  (epoch 34.94)
[Exp4_Stage2] INFO: [VAL] cls loss : nan (epoch 34.00)
[Exp4_Stage2] INFO: [VAL] cls loss : nan (epoch 34.80)
[Exp4_Stage2] INFO: [TRAIN] cls loss : nan, rgb : nan, MI : nan  (epoch 35.00)
[Exp4_Stage2] INFO: [TRAIN] cls loss : nan, rgb : nan, MI : nan  (epoch 35.13)
[Exp4_Stage2] INFO: [TRAIN] cls loss : nan, rgb : nan, MI : nan  (epoch 35.26)
[Exp4_Stage2] INFO: [TRAIN] cls loss : nan, rgb : nan, MI : nan  (epoch 35.40)
[Exp4_Stage2] INFO: [TRAIN] cls loss : nan, rgb : nan, MI : nan  (epoch 35.53)
[Exp4_Stage2] INFO: [TRAIN] cls loss : nan, rgb : nan, MI : nan  (epoch 35.67)
[Exp4_Stage2] INFO: [TRAIN] cls loss : nan, rgb : nan, MI : nan  (epoch 35.80)
[Exp4_Stage2] INFO: [TRAIN] cls loss : nan, rgb : nan, MI : nan  (epoch 35.94)
[Exp4_Stage2] INFO: [VAL] cls loss : nan (epoch 35.00)
[Exp4_Stage2] INFO: [VAL] cls loss : nan (epoch 35.80)
[Exp4_Stage2] INFO: [TRAIN] cls loss : nan, rgb : nan, MI : nan  (epoch 36.00)
[Exp4_Stage2] INFO: [TRAIN] cls loss : nan, rgb : nan, MI : nan  (epoch 36.13)
[Exp4_Stage2] INFO: [TRAIN] cls loss : nan, rgb : nan, MI : nan  (epoch 36.26)
[Exp4_Stage2] INFO: [TRAIN] cls loss : nan, rgb : nan, MI : nan  (epoch 36.40)
[Exp4_Stage2] INFO: [TRAIN] cls loss : nan, rgb : nan, MI : nan  (epoch 36.53)
[Exp4_Stage2] INFO: [TRAIN] cls loss : nan, rgb : nan, MI : nan  (epoch 36.67)
[Exp4_Stage2] INFO: [TRAIN] cls loss : nan, rgb : nan, MI : nan  (epoch 36.80)
[Exp4_Stage2] INFO: [TRAIN] cls loss : nan, rgb : nan, MI : nan  (epoch 36.94)
[Exp4_Stage2] INFO: [VAL] cls loss : nan (epoch 36.00)
[Exp4_Stage2] INFO: [VAL] cls loss : nan (epoch 36.80)
[Exp4_Stage2] INFO: [TRAIN] cls loss : nan, rgb : nan, MI : nan  (epoch 37.00)
[Exp4_Stage2] INFO: [TRAIN] cls loss : nan, rgb : nan, MI : nan  (epoch 37.13)
[Exp4_Stage2] INFO: [TRAIN] cls loss : nan, rgb : nan, MI : nan  (epoch 37.26)
[Exp4_Stage2] INFO: [TRAIN] cls loss : nan, rgb : nan, MI : nan  (epoch 37.40)
[Exp4_Stage2] INFO: [TRAIN] cls loss : nan, rgb : nan, MI : nan  (epoch 37.53)
[Exp4_Stage2] INFO: [TRAIN] cls loss : nan, rgb : nan, MI : nan  (epoch 37.67)
[Exp4_Stage2] INFO: [TRAIN] cls loss : nan, rgb : nan, MI : nan  (epoch 37.80)
[Exp4_Stage2] INFO: [TRAIN] cls loss : nan, rgb : nan, MI : nan  (epoch 37.94)
[Exp4_Stage2] INFO: [VAL] cls loss : nan (epoch 37.00)
[Exp4_Stage2] INFO: [VAL] cls loss : nan (epoch 37.80)
[Exp4_Stage2] INFO: [TRAIN] cls loss : nan, rgb : nan, MI : nan  (epoch 38.00)
[Exp4_Stage2] INFO: [TRAIN] cls loss : nan, rgb : nan, MI : nan  (epoch 38.13)
[Exp4_Stage2] INFO: [TRAIN] cls loss : nan, rgb : nan, MI : nan  (epoch 38.26)
[Exp4_Stage2] INFO: [TRAIN] cls loss : nan, rgb : nan, MI : nan  (epoch 38.40)
[Exp4_Stage2] INFO: [TRAIN] cls loss : nan, rgb : nan, MI : nan  (epoch 38.53)
[Exp4_Stage2] INFO: [TRAIN] cls loss : nan, rgb : nan, MI : nan  (epoch 38.67)
[Exp4_Stage2] INFO: [TRAIN] cls loss : nan, rgb : nan, MI : nan  (epoch 38.80)
[Exp4_Stage2] INFO: [TRAIN] cls loss : nan, rgb : nan, MI : nan  (epoch 38.94)
[Exp4_Stage2] INFO: [VAL] cls loss : nan (epoch 38.00)
[Exp4_Stage2] INFO: [VAL] cls loss : nan (epoch 38.80)
[Exp4_Stage2] INFO: [TRAIN] cls loss : nan, rgb : nan, MI : nan  (epoch 39.00)
[Exp4_Stage2] INFO: [TRAIN] cls loss : nan, rgb : nan, MI : nan  (epoch 39.13)
[Exp4_Stage2] INFO: [TRAIN] cls loss : nan, rgb : nan, MI : nan  (epoch 39.26)
[Exp4_Stage2] INFO: [TRAIN] cls loss : nan, rgb : nan, MI : nan  (epoch 39.40)
[Exp4_Stage2] INFO: [TRAIN] cls loss : nan, rgb : nan, MI : nan  (epoch 39.53)
[Exp4_Stage2] INFO: [TRAIN] cls loss : nan, rgb : nan, MI : nan  (epoch 39.67)
[Exp4_Stage2] INFO: [TRAIN] cls loss : nan, rgb : nan, MI : nan  (epoch 39.80)
[Exp4_Stage2] INFO: [TRAIN] cls loss : nan, rgb : nan, MI : nan  (epoch 39.94)
[Exp4_Stage2] INFO: [VAL] cls loss : nan (epoch 39.00)
[Exp4_Stage2] INFO: [VAL] cls loss : nan (epoch 39.80)
[Exp4_Stage2] INFO: [TRAIN] cls loss : nan, rgb : nan, MI : nan  (epoch 40.00)
[Exp4_Stage2] INFO: [TRAIN] cls loss : nan, rgb : nan, MI : nan  (epoch 40.13)
[Exp4_Stage2] INFO: [TRAIN] cls loss : nan, rgb : nan, MI : nan  (epoch 40.26)
[Exp4_Stage2] INFO: [TRAIN] cls loss : nan, rgb : nan, MI : nan  (epoch 40.40)
[Exp4_Stage2] INFO: [TRAIN] cls loss : nan, rgb : nan, MI : nan  (epoch 40.53)
[Exp4_Stage2] INFO: [TRAIN] cls loss : nan, rgb : nan, MI : nan  (epoch 40.67)
[Exp4_Stage2] INFO: [TRAIN] cls loss : nan, rgb : nan, MI : nan  (epoch 40.80)
[Exp4_Stage2] INFO: [TRAIN] cls loss : nan, rgb : nan, MI : nan  (epoch 40.94)
[Exp4_Stage2] INFO: [VAL] cls loss : nan (epoch 40.00)
[Exp4_Stage2] INFO: [VAL] cls loss : nan (epoch 40.80)
[Exp4_Stage2] INFO: [TRAIN] cls loss : nan, rgb : nan, MI : nan  (epoch 41.00)
[Exp4_Stage2] INFO: [TRAIN] cls loss : nan, rgb : nan, MI : nan  (epoch 41.13)
[Exp4_Stage2] INFO: [TRAIN] cls loss : nan, rgb : nan, MI : nan  (epoch 41.26)
[Exp4_Stage2] INFO: [TRAIN] cls loss : nan, rgb : nan, MI : nan  (epoch 41.40)
[Exp4_Stage2] INFO: [TRAIN] cls loss : nan, rgb : nan, MI : nan  (epoch 41.53)
[Exp4_Stage2] INFO: [TRAIN] cls loss : nan, rgb : nan, MI : nan  (epoch 41.67)
[Exp4_Stage2] INFO: [TRAIN] cls loss : nan, rgb : nan, MI : nan  (epoch 41.80)
[Exp4_Stage2] INFO: [TRAIN] cls loss : nan, rgb : nan, MI : nan  (epoch 41.94)
[Exp4_Stage2] INFO: [VAL] cls loss : nan (epoch 41.00)
[Exp4_Stage2] INFO: [VAL] cls loss : nan (epoch 41.80)
[Exp4_Stage2] INFO: [TRAIN] cls loss : nan, rgb : nan, MI : nan  (epoch 42.00)
[Exp4_Stage2] INFO: [TRAIN] cls loss : nan, rgb : nan, MI : nan  (epoch 42.13)
[Exp4_Stage2] INFO: [TRAIN] cls loss : nan, rgb : nan, MI : nan  (epoch 42.26)
[Exp4_Stage2] INFO: [TRAIN] cls loss : nan, rgb : nan, MI : nan  (epoch 42.40)
[Exp4_Stage2] INFO: [TRAIN] cls loss : nan, rgb : nan, MI : nan  (epoch 42.53)
[Exp4_Stage2] INFO: [TRAIN] cls loss : nan, rgb : nan, MI : nan  (epoch 42.67)
[Exp4_Stage2] INFO: [TRAIN] cls loss : nan, rgb : nan, MI : nan  (epoch 42.80)
[Exp4_Stage2] INFO: [TRAIN] cls loss : nan, rgb : nan, MI : nan  (epoch 42.94)
[Exp4_Stage2] INFO: [VAL] cls loss : nan (epoch 42.00)
[Exp4_Stage2] INFO: [VAL] cls loss : nan (epoch 42.80)
[Exp4_Stage2] INFO: [TRAIN] cls loss : nan, rgb : nan, MI : nan  (epoch 43.00)
[Exp4_Stage2] INFO: [TRAIN] cls loss : nan, rgb : nan, MI : nan  (epoch 43.13)
[Exp4_Stage2] INFO: [TRAIN] cls loss : nan, rgb : nan, MI : nan  (epoch 43.26)
[Exp4_Stage2] INFO: [TRAIN] cls loss : nan, rgb : nan, MI : nan  (epoch 43.40)
[Exp4_Stage2] INFO: [TRAIN] cls loss : nan, rgb : nan, MI : nan  (epoch 43.53)
[Exp4_Stage2] INFO: [TRAIN] cls loss : nan, rgb : nan, MI : nan  (epoch 43.67)
[Exp4_Stage2] INFO: [TRAIN] cls loss : nan, rgb : nan, MI : nan  (epoch 43.80)
[Exp4_Stage2] INFO: [TRAIN] cls loss : nan, rgb : nan, MI : nan  (epoch 43.94)
[Exp4_Stage2] INFO: [VAL] cls loss : nan (epoch 43.00)
[Exp4_Stage2] INFO: [VAL] cls loss : nan (epoch 43.80)
[Exp4_Stage2] INFO: [TRAIN] cls loss : nan, rgb : nan, MI : nan  (epoch 44.00)
[Exp4_Stage2] INFO: [TRAIN] cls loss : nan, rgb : nan, MI : nan  (epoch 44.13)
[Exp4_Stage2] INFO: [TRAIN] cls loss : nan, rgb : nan, MI : nan  (epoch 44.26)
[Exp4_Stage2] INFO: [TRAIN] cls loss : nan, rgb : nan, MI : nan  (epoch 44.40)
[Exp4_Stage2] INFO: [TRAIN] cls loss : nan, rgb : nan, MI : nan  (epoch 44.53)
[Exp4_Stage2] INFO: [TRAIN] cls loss : nan, rgb : nan, MI : nan  (epoch 44.67)
[Exp4_Stage2] INFO: [TRAIN] cls loss : nan, rgb : nan, MI : nan  (epoch 44.80)
[Exp4_Stage2] INFO: [TRAIN] cls loss : nan, rgb : nan, MI : nan  (epoch 44.94)
[Exp4_Stage2] INFO: [VAL] cls loss : nan (epoch 44.00)
[Exp4_Stage2] INFO: [VAL] cls loss : nan (epoch 44.80)
[Exp4_Stage2] INFO: [TRAIN] cls loss : nan, rgb : nan, MI : nan  (epoch 45.00)
[Exp4_Stage2] INFO: [TRAIN] cls loss : nan, rgb : nan, MI : nan  (epoch 45.13)
[Exp4_Stage2] INFO: [TRAIN] cls loss : nan, rgb : nan, MI : nan  (epoch 45.26)
[Exp4_Stage2] INFO: [TRAIN] cls loss : nan, rgb : nan, MI : nan  (epoch 45.40)
[Exp4_Stage2] INFO: [TRAIN] cls loss : nan, rgb : nan, MI : nan  (epoch 45.53)
[Exp4_Stage2] INFO: [TRAIN] cls loss : nan, rgb : nan, MI : nan  (epoch 45.67)
[Exp4_Stage2] INFO: [TRAIN] cls loss : nan, rgb : nan, MI : nan  (epoch 45.80)
[Exp4_Stage2] INFO: [TRAIN] cls loss : nan, rgb : nan, MI : nan  (epoch 45.94)
[Exp4_Stage2] INFO: [VAL] cls loss : nan (epoch 45.00)
[Exp4_Stage2] INFO: [VAL] cls loss : nan (epoch 45.80)
[Exp4_Stage2] INFO: [TRAIN] cls loss : nan, rgb : nan, MI : nan  (epoch 46.00)
[Exp4_Stage2] INFO: [TRAIN] cls loss : nan, rgb : nan, MI : nan  (epoch 46.13)
[Exp4_Stage2] INFO: [TRAIN] cls loss : nan, rgb : nan, MI : nan  (epoch 46.26)
[Exp4_Stage2] INFO: [TRAIN] cls loss : nan, rgb : nan, MI : nan  (epoch 46.40)
[Exp4_Stage2] INFO: [TRAIN] cls loss : nan, rgb : nan, MI : nan  (epoch 46.53)
[Exp4_Stage2] INFO: [TRAIN] cls loss : nan, rgb : nan, MI : nan  (epoch 46.67)
[Exp4_Stage2] INFO: [TRAIN] cls loss : nan, rgb : nan, MI : nan  (epoch 46.80)
[Exp4_Stage2] INFO: [TRAIN] cls loss : nan, rgb : nan, MI : nan  (epoch 46.94)
[Exp4_Stage2] INFO: [VAL] cls loss : nan (epoch 46.00)
[Exp4_Stage2] INFO: [VAL] cls loss : nan (epoch 46.80)
[Exp4_Stage2] INFO: [TRAIN] cls loss : nan, rgb : nan, MI : nan  (epoch 47.00)
[Exp4_Stage2] INFO: [TRAIN] cls loss : nan, rgb : nan, MI : nan  (epoch 47.13)
[Exp4_Stage2] INFO: [TRAIN] cls loss : nan, rgb : nan, MI : nan  (epoch 47.26)
[Exp4_Stage2] INFO: [TRAIN] cls loss : nan, rgb : nan, MI : nan  (epoch 47.40)
[Exp4_Stage2] INFO: [TRAIN] cls loss : nan, rgb : nan, MI : nan  (epoch 47.53)
[Exp4_Stage2] INFO: [TRAIN] cls loss : nan, rgb : nan, MI : nan  (epoch 47.67)
[Exp4_Stage2] INFO: [TRAIN] cls loss : nan, rgb : nan, MI : nan  (epoch 47.80)
[Exp4_Stage2] INFO: [TRAIN] cls loss : nan, rgb : nan, MI : nan  (epoch 47.94)
[Exp4_Stage2] INFO: [VAL] cls loss : nan (epoch 47.00)
[Exp4_Stage2] INFO: [VAL] cls loss : nan (epoch 47.80)
[Exp4_Stage2] INFO: [TRAIN] cls loss : nan, rgb : nan, MI : nan  (epoch 48.00)
[Exp4_Stage2] INFO: [TRAIN] cls loss : nan, rgb : nan, MI : nan  (epoch 48.13)
[Exp4_Stage2] INFO: [TRAIN] cls loss : nan, rgb : nan, MI : nan  (epoch 48.26)
[Exp4_Stage2] INFO: [TRAIN] cls loss : nan, rgb : nan, MI : nan  (epoch 48.40)
[Exp4_Stage2] INFO: [TRAIN] cls loss : nan, rgb : nan, MI : nan  (epoch 48.53)
[Exp4_Stage2] INFO: [TRAIN] cls loss : nan, rgb : nan, MI : nan  (epoch 48.67)
[Exp4_Stage2] INFO: [TRAIN] cls loss : nan, rgb : nan, MI : nan  (epoch 48.80)
[Exp4_Stage2] INFO: [TRAIN] cls loss : nan, rgb : nan, MI : nan  (epoch 48.94)
[Exp4_Stage2] INFO: [VAL] cls loss : nan (epoch 48.00)
[Exp4_Stage2] INFO: [VAL] cls loss : nan (epoch 48.80)
[Exp4_Stage2] INFO: [TRAIN] cls loss : nan, rgb : nan, MI : nan  (epoch 49.00)
[Exp4_Stage2] INFO: [TRAIN] cls loss : nan, rgb : nan, MI : nan  (epoch 49.13)
[Exp4_Stage2] INFO: [TRAIN] cls loss : nan, rgb : nan, MI : nan  (epoch 49.26)
[Exp4_Stage2] INFO: [TRAIN] cls loss : nan, rgb : nan, MI : nan  (epoch 49.40)
[Exp4_Stage2] INFO: [TRAIN] cls loss : nan, rgb : nan, MI : nan  (epoch 49.53)
[Exp4_Stage2] INFO: [TRAIN] cls loss : nan, rgb : nan, MI : nan  (epoch 49.67)
[Exp4_Stage2] INFO: [TRAIN] cls loss : nan, rgb : nan, MI : nan  (epoch 49.80)
[Exp4_Stage2] INFO: [TRAIN] cls loss : nan, rgb : nan, MI : nan  (epoch 49.94)
[Exp4_Stage2] INFO: [VAL] cls loss : nan (epoch 49.00)
[Exp4_Stage2] INFO: [VAL] cls loss : nan (epoch 49.80)
[Exp4_Stage2] INFO: [TRAIN] cls loss : nan, rgb : nan, MI : nan  (epoch 50.00)
[Exp4_Stage2] INFO: [TRAIN] cls loss : nan, rgb : nan, MI : nan  (epoch 50.13)
[Exp4_Stage2] INFO: [TRAIN] cls loss : nan, rgb : nan, MI : nan  (epoch 50.26)
[Exp4_Stage2] INFO: [TRAIN] cls loss : nan, rgb : nan, MI : nan  (epoch 50.40)
[Exp4_Stage2] INFO: [TRAIN] cls loss : nan, rgb : nan, MI : nan  (epoch 50.53)
[Exp4_Stage2] INFO: [TRAIN] cls loss : nan, rgb : nan, MI : nan  (epoch 50.67)
[Exp4_Stage2] INFO: [TRAIN] cls loss : nan, rgb : nan, MI : nan  (epoch 50.80)
[Exp4_Stage2] INFO: [TRAIN] cls loss : nan, rgb : nan, MI : nan  (epoch 50.94)
[Exp4_Stage2] INFO: [VAL] cls loss : nan (epoch 50.00)
[Exp4_Stage2] INFO: [VAL] cls loss : nan (epoch 50.80)
[Exp4_Stage2] INFO: [TRAIN] cls loss : nan, rgb : nan, MI : nan  (epoch 51.00)
[Exp4_Stage2] INFO: [TRAIN] cls loss : nan, rgb : nan, MI : nan  (epoch 51.13)
[Exp4_Stage2] INFO: [TRAIN] cls loss : nan, rgb : nan, MI : nan  (epoch 51.26)
[Exp4_Stage2] INFO: [TRAIN] cls loss : nan, rgb : nan, MI : nan  (epoch 51.40)
[Exp4_Stage2] INFO: [TRAIN] cls loss : nan, rgb : nan, MI : nan  (epoch 51.53)
[Exp4_Stage2] INFO: [TRAIN] cls loss : nan, rgb : nan, MI : nan  (epoch 51.67)
[Exp4_Stage2] INFO: [TRAIN] cls loss : nan, rgb : nan, MI : nan  (epoch 51.80)
[Exp4_Stage2] INFO: [TRAIN] cls loss : nan, rgb : nan, MI : nan  (epoch 51.94)
[Exp4_Stage2] INFO: [VAL] cls loss : nan (epoch 51.00)
[Exp4_Stage2] INFO: [VAL] cls loss : nan (epoch 51.80)
[Exp4_Stage2] INFO: [TRAIN] cls loss : nan, rgb : nan, MI : nan  (epoch 52.00)
[Exp4_Stage2] INFO: [TRAIN] cls loss : nan, rgb : nan, MI : nan  (epoch 52.13)
[Exp4_Stage2] INFO: [TRAIN] cls loss : nan, rgb : nan, MI : nan  (epoch 52.26)
[Exp4_Stage2] INFO: [TRAIN] cls loss : nan, rgb : nan, MI : nan  (epoch 52.40)
[Exp4_Stage2] INFO: [TRAIN] cls loss : nan, rgb : nan, MI : nan  (epoch 52.53)
[Exp4_Stage2] INFO: [TRAIN] cls loss : nan, rgb : nan, MI : nan  (epoch 52.67)
[Exp4_Stage2] INFO: [TRAIN] cls loss : nan, rgb : nan, MI : nan  (epoch 52.80)
[Exp4_Stage2] INFO: [TRAIN] cls loss : nan, rgb : nan, MI : nan  (epoch 52.94)
[Exp4_Stage2] INFO: [VAL] cls loss : nan (epoch 52.00)
[Exp4_Stage2] INFO: [VAL] cls loss : nan (epoch 52.80)
[Exp4_Stage2] INFO: [TRAIN] cls loss : nan, rgb : nan, MI : nan  (epoch 53.00)
[Exp4_Stage2] INFO: [TRAIN] cls loss : nan, rgb : nan, MI : nan  (epoch 53.13)
[Exp4_Stage2] INFO: [TRAIN] cls loss : nan, rgb : nan, MI : nan  (epoch 53.26)
[Exp4_Stage2] INFO: [TRAIN] cls loss : nan, rgb : nan, MI : nan  (epoch 53.40)
[Exp4_Stage2] INFO: [TRAIN] cls loss : nan, rgb : nan, MI : nan  (epoch 53.53)
[Exp4_Stage2] INFO: [TRAIN] cls loss : nan, rgb : nan, MI : nan  (epoch 53.67)
[Exp4_Stage2] INFO: [TRAIN] cls loss : nan, rgb : nan, MI : nan  (epoch 53.80)
[Exp4_Stage2] INFO: [TRAIN] cls loss : nan, rgb : nan, MI : nan  (epoch 53.94)
[Exp4_Stage2] INFO: [VAL] cls loss : nan (epoch 53.00)
[Exp4_Stage2] INFO: [VAL] cls loss : nan (epoch 53.80)
[Exp4_Stage2] INFO: [TRAIN] cls loss : nan, rgb : nan, MI : nan  (epoch 54.00)
[Exp4_Stage2] INFO: [TRAIN] cls loss : nan, rgb : nan, MI : nan  (epoch 54.13)
[Exp4_Stage2] INFO: [TRAIN] cls loss : nan, rgb : nan, MI : nan  (epoch 54.26)
[Exp4_Stage2] INFO: [TRAIN] cls loss : nan, rgb : nan, MI : nan  (epoch 54.40)
[Exp4_Stage2] INFO: [TRAIN] cls loss : nan, rgb : nan, MI : nan  (epoch 54.53)
[Exp4_Stage2] INFO: [TRAIN] cls loss : nan, rgb : nan, MI : nan  (epoch 54.67)
[Exp4_Stage2] INFO: [TRAIN] cls loss : nan, rgb : nan, MI : nan  (epoch 54.80)
[Exp4_Stage2] INFO: [TRAIN] cls loss : nan, rgb : nan, MI : nan  (epoch 54.94)
[Exp4_Stage2] INFO: [VAL] cls loss : nan (epoch 54.00)
[Exp4_Stage2] INFO: [VAL] cls loss : nan (epoch 54.80)
[Exp4_Stage2] INFO: [TRAIN] cls loss : nan, rgb : nan, MI : nan  (epoch 55.00)
[Exp4_Stage2] INFO: [TRAIN] cls loss : nan, rgb : nan, MI : nan  (epoch 55.13)
[Exp4_Stage2] INFO: [TRAIN] cls loss : nan, rgb : nan, MI : nan  (epoch 55.26)
[Exp4_Stage2] INFO: [TRAIN] cls loss : nan, rgb : nan, MI : nan  (epoch 55.40)
[Exp4_Stage2] INFO: [TRAIN] cls loss : nan, rgb : nan, MI : nan  (epoch 55.53)
[Exp4_Stage2] INFO: [TRAIN] cls loss : nan, rgb : nan, MI : nan  (epoch 55.67)
[Exp4_Stage2] INFO: [TRAIN] cls loss : nan, rgb : nan, MI : nan  (epoch 55.80)
[Exp4_Stage2] INFO: [TRAIN] cls loss : nan, rgb : nan, MI : nan  (epoch 55.94)
[Exp4_Stage2] INFO: [VAL] cls loss : nan (epoch 55.00)
[Exp4_Stage2] INFO: [VAL] cls loss : nan (epoch 55.80)
[Exp4_Stage2] INFO: [TRAIN] cls loss : nan, rgb : nan, MI : nan  (epoch 56.00)
[Exp4_Stage2] INFO: [TRAIN] cls loss : nan, rgb : nan, MI : nan  (epoch 56.13)
[Exp4_Stage2] INFO: [TRAIN] cls loss : nan, rgb : nan, MI : nan  (epoch 56.26)
[Exp4_Stage2] INFO: [TRAIN] cls loss : nan, rgb : nan, MI : nan  (epoch 56.40)
[Exp4_Stage2] INFO: [TRAIN] cls loss : nan, rgb : nan, MI : nan  (epoch 56.53)
[Exp4_Stage2] INFO: [TRAIN] cls loss : nan, rgb : nan, MI : nan  (epoch 56.67)
[Exp4_Stage2] INFO: [TRAIN] cls loss : nan, rgb : nan, MI : nan  (epoch 56.80)
[Exp4_Stage2] INFO: [TRAIN] cls loss : nan, rgb : nan, MI : nan  (epoch 56.94)
[Exp4_Stage2] INFO: [VAL] cls loss : nan (epoch 56.00)
[Exp4_Stage2] INFO: [VAL] cls loss : nan (epoch 56.80)
[Exp4_Stage2] INFO: [TRAIN] cls loss : nan, rgb : nan, MI : nan  (epoch 57.00)
[Exp4_Stage2] INFO: [TRAIN] cls loss : nan, rgb : nan, MI : nan  (epoch 57.13)
[Exp4_Stage2] INFO: [TRAIN] cls loss : nan, rgb : nan, MI : nan  (epoch 57.26)
[Exp4_Stage2] INFO: [TRAIN] cls loss : nan, rgb : nan, MI : nan  (epoch 57.40)
[Exp4_Stage2] INFO: [TRAIN] cls loss : nan, rgb : nan, MI : nan  (epoch 57.53)
[Exp4_Stage2] INFO: [TRAIN] cls loss : nan, rgb : nan, MI : nan  (epoch 57.67)
[Exp4_Stage2] INFO: [TRAIN] cls loss : nan, rgb : nan, MI : nan  (epoch 57.80)
[Exp4_Stage2] INFO: [TRAIN] cls loss : nan, rgb : nan, MI : nan  (epoch 57.94)
[Exp4_Stage2] INFO: [VAL] cls loss : nan (epoch 57.00)
[Exp4_Stage2] INFO: [VAL] cls loss : nan (epoch 57.80)
[Exp4_Stage2] INFO: [TRAIN] cls loss : nan, rgb : nan, MI : nan  (epoch 58.00)
[Exp4_Stage2] INFO: [TRAIN] cls loss : nan, rgb : nan, MI : nan  (epoch 58.13)
[Exp4_Stage2] INFO: [TRAIN] cls loss : nan, rgb : nan, MI : nan  (epoch 58.26)
[Exp4_Stage2] INFO: [TRAIN] cls loss : nan, rgb : nan, MI : nan  (epoch 58.40)
[Exp4_Stage2] INFO: [TRAIN] cls loss : nan, rgb : nan, MI : nan  (epoch 58.53)
[Exp4_Stage2] INFO: [TRAIN] cls loss : nan, rgb : nan, MI : nan  (epoch 58.67)
[Exp4_Stage2] INFO: [TRAIN] cls loss : nan, rgb : nan, MI : nan  (epoch 58.80)
[Exp4_Stage2] INFO: [TRAIN] cls loss : nan, rgb : nan, MI : nan  (epoch 58.94)
[Exp4_Stage2] INFO: [VAL] cls loss : nan (epoch 58.00)
[Exp4_Stage2] INFO: [VAL] cls loss : nan (epoch 58.80)
[Exp4_Stage2] INFO: [TRAIN] cls loss : nan, rgb : nan, MI : nan  (epoch 59.00)
[Exp4_Stage2] INFO: [TRAIN] cls loss : nan, rgb : nan, MI : nan  (epoch 59.13)
[Exp4_Stage2] INFO: [TRAIN] cls loss : nan, rgb : nan, MI : nan  (epoch 59.26)
[Exp4_Stage2] INFO: [TRAIN] cls loss : nan, rgb : nan, MI : nan  (epoch 59.40)
[Exp4_Stage2] INFO: [TRAIN] cls loss : nan, rgb : nan, MI : nan  (epoch 59.53)
[Exp4_Stage2] INFO: [TRAIN] cls loss : nan, rgb : nan, MI : nan  (epoch 59.67)
[Exp4_Stage2] INFO: [TRAIN] cls loss : nan, rgb : nan, MI : nan  (epoch 59.80)
[Exp4_Stage2] INFO: [TRAIN] cls loss : nan, rgb : nan, MI : nan  (epoch 59.94)
[Exp4_Stage2] INFO: [VAL] cls loss : nan (epoch 59.00)
[Exp4_Stage2] INFO: [VAL] cls loss : nan (epoch 59.80)
[Exp4_Stage2] INFO: [TRAIN] cls loss : nan, rgb : nan, MI : nan  (epoch 60.00)
[Exp4_Stage2] INFO: [TRAIN] cls loss : nan, rgb : nan, MI : nan  (epoch 60.13)
[Exp4_Stage2] INFO: [TRAIN] cls loss : nan, rgb : nan, MI : nan  (epoch 60.26)
[Exp4_Stage2] INFO: [TRAIN] cls loss : nan, rgb : nan, MI : nan  (epoch 60.40)
[Exp4_Stage2] INFO: [TRAIN] cls loss : nan, rgb : nan, MI : nan  (epoch 60.53)
[Exp4_Stage2] INFO: [TRAIN] cls loss : nan, rgb : nan, MI : nan  (epoch 60.67)
[Exp4_Stage2] INFO: [TRAIN] cls loss : nan, rgb : nan, MI : nan  (epoch 60.80)
[Exp4_Stage2] INFO: [TRAIN] cls loss : nan, rgb : nan, MI : nan  (epoch 60.94)
[Exp4_Stage2] INFO: [VAL] cls loss : nan (epoch 60.00)
[Exp4_Stage2] INFO: [VAL] cls loss : nan (epoch 60.80)
[Exp4_Stage2] INFO: [TRAIN] cls loss : nan, rgb : nan, MI : nan  (epoch 61.00)
[Exp4_Stage2] INFO: [TRAIN] cls loss : nan, rgb : nan, MI : nan  (epoch 61.13)
[Exp4_Stage2] INFO: [TRAIN] cls loss : nan, rgb : nan, MI : nan  (epoch 61.26)
[Exp4_Stage2] INFO: [TRAIN] cls loss : nan, rgb : nan, MI : nan  (epoch 61.40)
[Exp4_Stage2] INFO: [TRAIN] cls loss : nan, rgb : nan, MI : nan  (epoch 61.53)
[Exp4_Stage2] INFO: [TRAIN] cls loss : nan, rgb : nan, MI : nan  (epoch 61.67)
[Exp4_Stage2] INFO: [TRAIN] cls loss : nan, rgb : nan, MI : nan  (epoch 61.80)
[Exp4_Stage2] INFO: [TRAIN] cls loss : nan, rgb : nan, MI : nan  (epoch 61.94)
[Exp4_Stage2] INFO: [VAL] cls loss : nan (epoch 61.00)
[Exp4_Stage2] INFO: [VAL] cls loss : nan (epoch 61.80)
[Exp4_Stage2] INFO: [TRAIN] cls loss : nan, rgb : nan, MI : nan  (epoch 62.00)
[Exp4_Stage2] INFO: [TRAIN] cls loss : nan, rgb : nan, MI : nan  (epoch 62.13)
[Exp4_Stage2] INFO: [TRAIN] cls loss : nan, rgb : nan, MI : nan  (epoch 62.26)
[Exp4_Stage2] INFO: [TRAIN] cls loss : nan, rgb : nan, MI : nan  (epoch 62.40)
[Exp4_Stage2] INFO: [TRAIN] cls loss : nan, rgb : nan, MI : nan  (epoch 62.53)
[Exp4_Stage2] INFO: [TRAIN] cls loss : nan, rgb : nan, MI : nan  (epoch 62.67)
[Exp4_Stage2] INFO: [TRAIN] cls loss : nan, rgb : nan, MI : nan  (epoch 62.80)
[Exp4_Stage2] INFO: [TRAIN] cls loss : nan, rgb : nan, MI : nan  (epoch 62.94)
[Exp4_Stage2] INFO: [VAL] cls loss : nan (epoch 62.00)
[Exp4_Stage2] INFO: [VAL] cls loss : nan (epoch 62.80)
[Exp4_Stage2] INFO: [TRAIN] cls loss : nan, rgb : nan, MI : nan  (epoch 63.00)
[Exp4_Stage2] INFO: [TRAIN] cls loss : nan, rgb : nan, MI : nan  (epoch 63.13)
[Exp4_Stage2] INFO: [TRAIN] cls loss : nan, rgb : nan, MI : nan  (epoch 63.26)
[Exp4_Stage2] INFO: [TRAIN] cls loss : nan, rgb : nan, MI : nan  (epoch 63.40)
[Exp4_Stage2] INFO: [TRAIN] cls loss : nan, rgb : nan, MI : nan  (epoch 63.53)
[Exp4_Stage2] INFO: [TRAIN] cls loss : nan, rgb : nan, MI : nan  (epoch 63.67)
[Exp4_Stage2] INFO: [TRAIN] cls loss : nan, rgb : nan, MI : nan  (epoch 63.80)
[Exp4_Stage2] INFO: [TRAIN] cls loss : nan, rgb : nan, MI : nan  (epoch 63.94)
[Exp4_Stage2] INFO: [VAL] cls loss : nan (epoch 63.00)
[Exp4_Stage2] INFO: [VAL] cls loss : nan (epoch 63.80)
[Exp4_Stage2] INFO: [TRAIN] cls loss : nan, rgb : nan, MI : nan  (epoch 64.00)
[Exp4_Stage2] INFO: [TRAIN] cls loss : nan, rgb : nan, MI : nan  (epoch 64.13)
[Exp4_Stage2] INFO: [TRAIN] cls loss : nan, rgb : nan, MI : nan  (epoch 64.26)
[Exp4_Stage2] INFO: [TRAIN] cls loss : nan, rgb : nan, MI : nan  (epoch 64.40)
[Exp4_Stage2] INFO: [TRAIN] cls loss : nan, rgb : nan, MI : nan  (epoch 64.53)
[Exp4_Stage2] INFO: [TRAIN] cls loss : nan, rgb : nan, MI : nan  (epoch 64.67)
[Exp4_Stage2] INFO: [TRAIN] cls loss : nan, rgb : nan, MI : nan  (epoch 64.80)
[Exp4_Stage2] INFO: [TRAIN] cls loss : nan, rgb : nan, MI : nan  (epoch 64.94)
[Exp4_Stage2] INFO: [VAL] cls loss : nan (epoch 64.00)
[Exp4_Stage2] INFO: [VAL] cls loss : nan (epoch 64.80)
[Exp4_Stage2] INFO: [TRAIN] cls loss : nan, rgb : nan, MI : nan  (epoch 65.00)
[Exp4_Stage2] INFO: [TRAIN] cls loss : nan, rgb : nan, MI : nan  (epoch 65.13)
[Exp4_Stage2] INFO: [TRAIN] cls loss : nan, rgb : nan, MI : nan  (epoch 65.26)
[Exp4_Stage2] INFO: [TRAIN] cls loss : nan, rgb : nan, MI : nan  (epoch 65.40)
[Exp4_Stage2] INFO: [TRAIN] cls loss : nan, rgb : nan, MI : nan  (epoch 65.53)
[Exp4_Stage2] INFO: [TRAIN] cls loss : nan, rgb : nan, MI : nan  (epoch 65.67)
[Exp4_Stage2] INFO: [TRAIN] cls loss : nan, rgb : nan, MI : nan  (epoch 65.80)
[Exp4_Stage2] INFO: [TRAIN] cls loss : nan, rgb : nan, MI : nan  (epoch 65.94)
[Exp4_Stage2] INFO: [VAL] cls loss : nan (epoch 65.00)
[Exp4_Stage2] INFO: [VAL] cls loss : nan (epoch 65.80)
[Exp4_Stage2] INFO: [TRAIN] cls loss : nan, rgb : nan, MI : nan  (epoch 66.00)
[Exp4_Stage2] INFO: [TRAIN] cls loss : nan, rgb : nan, MI : nan  (epoch 66.13)
[Exp4_Stage2] INFO: [TRAIN] cls loss : nan, rgb : nan, MI : nan  (epoch 66.26)
[Exp4_Stage2] INFO: [TRAIN] cls loss : nan, rgb : nan, MI : nan  (epoch 66.40)
[Exp4_Stage2] INFO: [TRAIN] cls loss : nan, rgb : nan, MI : nan  (epoch 66.53)
[Exp4_Stage2] INFO: [TRAIN] cls loss : nan, rgb : nan, MI : nan  (epoch 66.67)
[Exp4_Stage2] INFO: [TRAIN] cls loss : nan, rgb : nan, MI : nan  (epoch 66.80)
[Exp4_Stage2] INFO: [TRAIN] cls loss : nan, rgb : nan, MI : nan  (epoch 66.94)
[Exp4_Stage2] INFO: [VAL] cls loss : nan (epoch 66.00)
[Exp4_Stage2] INFO: [VAL] cls loss : nan (epoch 66.80)
[Exp4_Stage2] INFO: [TRAIN] cls loss : nan, rgb : nan, MI : nan  (epoch 67.00)
[Exp4_Stage2] INFO: [TRAIN] cls loss : nan, rgb : nan, MI : nan  (epoch 67.13)
[Exp4_Stage2] INFO: [TRAIN] cls loss : nan, rgb : nan, MI : nan  (epoch 67.26)
[Exp4_Stage2] INFO: [TRAIN] cls loss : nan, rgb : nan, MI : nan  (epoch 67.40)
[Exp4_Stage2] INFO: [TRAIN] cls loss : nan, rgb : nan, MI : nan  (epoch 67.53)
[Exp4_Stage2] INFO: [TRAIN] cls loss : nan, rgb : nan, MI : nan  (epoch 67.67)
[Exp4_Stage2] INFO: [TRAIN] cls loss : nan, rgb : nan, MI : nan  (epoch 67.80)
[Exp4_Stage2] INFO: [TRAIN] cls loss : nan, rgb : nan, MI : nan  (epoch 67.94)
[Exp4_Stage2] INFO: [VAL] cls loss : nan (epoch 67.00)
[Exp4_Stage2] INFO: [VAL] cls loss : nan (epoch 67.80)
[Exp4_Stage2] INFO: [TRAIN] cls loss : nan, rgb : nan, MI : nan  (epoch 68.00)
[Exp4_Stage2] INFO: [TRAIN] cls loss : nan, rgb : nan, MI : nan  (epoch 68.13)
[Exp4_Stage2] INFO: [TRAIN] cls loss : nan, rgb : nan, MI : nan  (epoch 68.26)
[Exp4_Stage2] INFO: [TRAIN] cls loss : nan, rgb : nan, MI : nan  (epoch 68.40)
[Exp4_Stage2] INFO: [TRAIN] cls loss : nan, rgb : nan, MI : nan  (epoch 68.53)
[Exp4_Stage2] INFO: [TRAIN] cls loss : nan, rgb : nan, MI : nan  (epoch 68.67)
[Exp4_Stage2] INFO: [TRAIN] cls loss : nan, rgb : nan, MI : nan  (epoch 68.80)
[Exp4_Stage2] INFO: [TRAIN] cls loss : nan, rgb : nan, MI : nan  (epoch 68.94)
[Exp4_Stage2] INFO: [VAL] cls loss : nan (epoch 68.00)
[Exp4_Stage2] INFO: [VAL] cls loss : nan (epoch 68.80)
[Exp4_Stage2] INFO: [TRAIN] cls loss : nan, rgb : nan, MI : nan  (epoch 69.00)
[Exp4_Stage2] INFO: [TRAIN] cls loss : nan, rgb : nan, MI : nan  (epoch 69.13)
[Exp4_Stage2] INFO: [TRAIN] cls loss : nan, rgb : nan, MI : nan  (epoch 69.26)
[Exp4_Stage2] INFO: [TRAIN] cls loss : nan, rgb : nan, MI : nan  (epoch 69.40)
[Exp4_Stage2] INFO: [TRAIN] cls loss : nan, rgb : nan, MI : nan  (epoch 69.53)
[Exp4_Stage2] INFO: [TRAIN] cls loss : nan, rgb : nan, MI : nan  (epoch 69.67)
[Exp4_Stage2] INFO: [TRAIN] cls loss : nan, rgb : nan, MI : nan  (epoch 69.80)
[Exp4_Stage2] INFO: [TRAIN] cls loss : nan, rgb : nan, MI : nan  (epoch 69.94)
[Exp4_Stage2] INFO: [VAL] cls loss : nan (epoch 69.00)
[Exp4_Stage2] INFO: [VAL] cls loss : nan (epoch 69.80)
[Exp4_Stage2] INFO: [TRAIN] cls loss : nan, rgb : nan, MI : nan  (epoch 70.00)
[Exp4_Stage2] INFO: [TRAIN] cls loss : nan, rgb : nan, MI : nan  (epoch 70.13)
[Exp4_Stage2] INFO: [TRAIN] cls loss : nan, rgb : nan, MI : nan  (epoch 70.26)
[Exp4_Stage2] INFO: [TRAIN] cls loss : nan, rgb : nan, MI : nan  (epoch 70.40)
[Exp4_Stage2] INFO: [TRAIN] cls loss : nan, rgb : nan, MI : nan  (epoch 70.53)
[Exp4_Stage2] INFO: [TRAIN] cls loss : nan, rgb : nan, MI : nan  (epoch 70.67)
[Exp4_Stage2] INFO: [TRAIN] cls loss : nan, rgb : nan, MI : nan  (epoch 70.80)
[Exp4_Stage2] INFO: [TRAIN] cls loss : nan, rgb : nan, MI : nan  (epoch 70.94)
[Exp4_Stage2] INFO: [VAL] cls loss : nan (epoch 70.00)
[Exp4_Stage2] INFO: [VAL] cls loss : nan (epoch 70.80)
[Exp4_Stage2] INFO: [TRAIN] cls loss : nan, rgb : nan, MI : nan  (epoch 71.00)
[Exp4_Stage2] INFO: [TRAIN] cls loss : nan, rgb : nan, MI : nan  (epoch 71.13)
[Exp4_Stage2] INFO: [TRAIN] cls loss : nan, rgb : nan, MI : nan  (epoch 71.26)
[Exp4_Stage2] INFO: [TRAIN] cls loss : nan, rgb : nan, MI : nan  (epoch 71.40)
[Exp4_Stage2] INFO: [TRAIN] cls loss : nan, rgb : nan, MI : nan  (epoch 71.53)
[Exp4_Stage2] INFO: [TRAIN] cls loss : nan, rgb : nan, MI : nan  (epoch 71.67)
[Exp4_Stage2] INFO: [TRAIN] cls loss : nan, rgb : nan, MI : nan  (epoch 71.80)
[Exp4_Stage2] INFO: [TRAIN] cls loss : nan, rgb : nan, MI : nan  (epoch 71.94)
[Exp4_Stage2] INFO: [VAL] cls loss : nan (epoch 71.00)
[Exp4_Stage2] INFO: [VAL] cls loss : nan (epoch 71.80)
[Exp4_Stage2] INFO: [TRAIN] cls loss : nan, rgb : nan, MI : nan  (epoch 72.00)
[Exp4_Stage2] INFO: [TRAIN] cls loss : nan, rgb : nan, MI : nan  (epoch 72.13)
[Exp4_Stage2] INFO: [TRAIN] cls loss : nan, rgb : nan, MI : nan  (epoch 72.26)
[Exp4_Stage2] INFO: [TRAIN] cls loss : nan, rgb : nan, MI : nan  (epoch 72.40)
[Exp4_Stage2] INFO: [TRAIN] cls loss : nan, rgb : nan, MI : nan  (epoch 72.53)
[Exp4_Stage2] INFO: [TRAIN] cls loss : nan, rgb : nan, MI : nan  (epoch 72.67)
[Exp4_Stage2] INFO: [TRAIN] cls loss : nan, rgb : nan, MI : nan  (epoch 72.80)
[Exp4_Stage2] INFO: [TRAIN] cls loss : nan, rgb : nan, MI : nan  (epoch 72.94)
[Exp4_Stage2] INFO: [VAL] cls loss : nan (epoch 72.00)
[Exp4_Stage2] INFO: [VAL] cls loss : nan (epoch 72.80)
[Exp4_Stage2] INFO: [TRAIN] cls loss : nan, rgb : nan, MI : nan  (epoch 73.00)
[Exp4_Stage2] INFO: [TRAIN] cls loss : nan, rgb : nan, MI : nan  (epoch 73.13)
[Exp4_Stage2] INFO: [TRAIN] cls loss : nan, rgb : nan, MI : nan  (epoch 73.26)
[Exp4_Stage2] INFO: [TRAIN] cls loss : nan, rgb : nan, MI : nan  (epoch 73.40)
[Exp4_Stage2] INFO: [TRAIN] cls loss : nan, rgb : nan, MI : nan  (epoch 73.53)
[Exp4_Stage2] INFO: [TRAIN] cls loss : nan, rgb : nan, MI : nan  (epoch 73.67)
[Exp4_Stage2] INFO: [TRAIN] cls loss : nan, rgb : nan, MI : nan  (epoch 73.80)
[Exp4_Stage2] INFO: [TRAIN] cls loss : nan, rgb : nan, MI : nan  (epoch 73.94)
[Exp4_Stage2] INFO: [VAL] cls loss : nan (epoch 73.00)
[Exp4_Stage2] INFO: [VAL] cls loss : nan (epoch 73.80)
[Exp4_Stage2] INFO: [TRAIN] cls loss : nan, rgb : nan, MI : nan  (epoch 74.00)
[Exp4_Stage2] INFO: [TRAIN] cls loss : nan, rgb : nan, MI : nan  (epoch 74.13)
[Exp4_Stage2] INFO: [TRAIN] cls loss : nan, rgb : nan, MI : nan  (epoch 74.26)
[Exp4_Stage2] INFO: [TRAIN] cls loss : nan, rgb : nan, MI : nan  (epoch 74.40)
[Exp4_Stage2] INFO: [TRAIN] cls loss : nan, rgb : nan, MI : nan  (epoch 74.53)
[Exp4_Stage2] INFO: [TRAIN] cls loss : nan, rgb : nan, MI : nan  (epoch 74.67)
[Exp4_Stage2] INFO: [TRAIN] cls loss : nan, rgb : nan, MI : nan  (epoch 74.80)
[Exp4_Stage2] INFO: [TRAIN] cls loss : nan, rgb : nan, MI : nan  (epoch 74.94)
[Exp4_Stage2] INFO: [VAL] cls loss : nan (epoch 74.00)
[Exp4_Stage2] INFO: [VAL] cls loss : nan (epoch 74.80)
[Exp4_Stage2] INFO: [TRAIN] cls loss : nan, rgb : nan, MI : nan  (epoch 75.00)
[Exp4_Stage2] INFO: [TRAIN] cls loss : nan, rgb : nan, MI : nan  (epoch 75.13)
[Exp4_Stage2] INFO: [TRAIN] cls loss : nan, rgb : nan, MI : nan  (epoch 75.26)
[Exp4_Stage2] INFO: [TRAIN] cls loss : nan, rgb : nan, MI : nan  (epoch 75.40)
[Exp4_Stage2] INFO: [TRAIN] cls loss : nan, rgb : nan, MI : nan  (epoch 75.53)
[Exp4_Stage2] INFO: [TRAIN] cls loss : nan, rgb : nan, MI : nan  (epoch 75.67)
[Exp4_Stage2] INFO: [TRAIN] cls loss : nan, rgb : nan, MI : nan  (epoch 75.80)
[Exp4_Stage2] INFO: [TRAIN] cls loss : nan, rgb : nan, MI : nan  (epoch 75.94)
[Exp4_Stage2] INFO: [VAL] cls loss : nan (epoch 75.00)
[Exp4_Stage2] INFO: [VAL] cls loss : nan (epoch 75.80)
[Exp4_Stage2] INFO: [TRAIN] cls loss : nan, rgb : nan, MI : nan  (epoch 76.00)
[Exp4_Stage2] INFO: [TRAIN] cls loss : nan, rgb : nan, MI : nan  (epoch 76.13)
[Exp4_Stage2] INFO: [TRAIN] cls loss : nan, rgb : nan, MI : nan  (epoch 76.26)
[Exp4_Stage2] INFO: [TRAIN] cls loss : nan, rgb : nan, MI : nan  (epoch 76.40)
[Exp4_Stage2] INFO: [TRAIN] cls loss : nan, rgb : nan, MI : nan  (epoch 76.53)
[Exp4_Stage2] INFO: [TRAIN] cls loss : nan, rgb : nan, MI : nan  (epoch 76.67)
[Exp4_Stage2] INFO: [TRAIN] cls loss : nan, rgb : nan, MI : nan  (epoch 76.80)
[Exp4_Stage2] INFO: [TRAIN] cls loss : nan, rgb : nan, MI : nan  (epoch 76.94)
[Exp4_Stage2] INFO: [VAL] cls loss : nan (epoch 76.00)
[Exp4_Stage2] INFO: [VAL] cls loss : nan (epoch 76.80)
[Exp4_Stage2] INFO: [TRAIN] cls loss : nan, rgb : nan, MI : nan  (epoch 77.00)
[Exp4_Stage2] INFO: [TRAIN] cls loss : nan, rgb : nan, MI : nan  (epoch 77.13)
[Exp4_Stage2] INFO: [TRAIN] cls loss : nan, rgb : nan, MI : nan  (epoch 77.26)
[Exp4_Stage2] INFO: [TRAIN] cls loss : nan, rgb : nan, MI : nan  (epoch 77.40)
[Exp4_Stage2] INFO: [TRAIN] cls loss : nan, rgb : nan, MI : nan  (epoch 77.53)
[Exp4_Stage2] INFO: [TRAIN] cls loss : nan, rgb : nan, MI : nan  (epoch 77.67)
[Exp4_Stage2] INFO: [TRAIN] cls loss : nan, rgb : nan, MI : nan  (epoch 77.80)
[Exp4_Stage2] INFO: [TRAIN] cls loss : nan, rgb : nan, MI : nan  (epoch 77.94)
[Exp4_Stage2] INFO: [VAL] cls loss : nan (epoch 77.00)
[Exp4_Stage2] INFO: [VAL] cls loss : nan (epoch 77.80)
[Exp4_Stage2] INFO: [TRAIN] cls loss : nan, rgb : nan, MI : nan  (epoch 78.00)
[Exp4_Stage2] INFO: [TRAIN] cls loss : nan, rgb : nan, MI : nan  (epoch 78.13)
[Exp4_Stage2] INFO: [TRAIN] cls loss : nan, rgb : nan, MI : nan  (epoch 78.26)
[Exp4_Stage2] INFO: [TRAIN] cls loss : nan, rgb : nan, MI : nan  (epoch 78.40)
[Exp4_Stage2] INFO: [TRAIN] cls loss : nan, rgb : nan, MI : nan  (epoch 78.53)
[Exp4_Stage2] INFO: [TRAIN] cls loss : nan, rgb : nan, MI : nan  (epoch 78.67)
[Exp4_Stage2] INFO: [TRAIN] cls loss : nan, rgb : nan, MI : nan  (epoch 78.80)
[Exp4_Stage2] INFO: [TRAIN] cls loss : nan, rgb : nan, MI : nan  (epoch 78.94)
[Exp4_Stage2] INFO: [VAL] cls loss : nan (epoch 78.00)
[Exp4_Stage2] INFO: [VAL] cls loss : nan (epoch 78.80)
[Exp4_Stage2] INFO: [TRAIN] cls loss : nan, rgb : nan, MI : nan  (epoch 79.00)
[Exp4_Stage2] INFO: [TRAIN] cls loss : nan, rgb : nan, MI : nan  (epoch 79.13)
[Exp4_Stage2] INFO: [TRAIN] cls loss : nan, rgb : nan, MI : nan  (epoch 79.26)
[Exp4_Stage2] INFO: [TRAIN] cls loss : nan, rgb : nan, MI : nan  (epoch 79.40)
[Exp4_Stage2] INFO: [TRAIN] cls loss : nan, rgb : nan, MI : nan  (epoch 79.53)
[Exp4_Stage2] INFO: [TRAIN] cls loss : nan, rgb : nan, MI : nan  (epoch 79.67)
[Exp4_Stage2] INFO: [TRAIN] cls loss : nan, rgb : nan, MI : nan  (epoch 79.80)
[Exp4_Stage2] INFO: [TRAIN] cls loss : nan, rgb : nan, MI : nan  (epoch 79.94)
[Exp4_Stage2] INFO: [VAL] cls loss : nan (epoch 79.00)
[Exp4_Stage2] INFO: [VAL] cls loss : nan (epoch 79.80)
[Exp4_Stage2] INFO: [TRAIN] cls loss : nan, rgb : nan, MI : nan  (epoch 80.00)
[Exp4_Stage2] INFO: [TRAIN] cls loss : nan, rgb : nan, MI : nan  (epoch 80.13)
[Exp4_Stage2] INFO: [TRAIN] cls loss : nan, rgb : nan, MI : nan  (epoch 80.26)
[Exp4_Stage2] INFO: [TRAIN] cls loss : nan, rgb : nan, MI : nan  (epoch 80.40)
[Exp4_Stage2] INFO: [TRAIN] cls loss : nan, rgb : nan, MI : nan  (epoch 80.53)
[Exp4_Stage2] INFO: [TRAIN] cls loss : nan, rgb : nan, MI : nan  (epoch 80.67)
[Exp4_Stage2] INFO: [TRAIN] cls loss : nan, rgb : nan, MI : nan  (epoch 80.80)
[Exp4_Stage2] INFO: [TRAIN] cls loss : nan, rgb : nan, MI : nan  (epoch 80.94)
[Exp4_Stage2] INFO: [VAL] cls loss : nan (epoch 80.00)
[Exp4_Stage2] INFO: [VAL] cls loss : nan (epoch 80.80)
[Exp4_Stage2] INFO: [TRAIN] cls loss : nan, rgb : nan, MI : nan  (epoch 81.00)
[Exp4_Stage2] INFO: [TRAIN] cls loss : nan, rgb : nan, MI : nan  (epoch 81.13)
[Exp4_Stage2] INFO: [TRAIN] cls loss : nan, rgb : nan, MI : nan  (epoch 81.26)
[Exp4_Stage2] INFO: [TRAIN] cls loss : nan, rgb : nan, MI : nan  (epoch 81.40)
[Exp4_Stage2] INFO: [TRAIN] cls loss : nan, rgb : nan, MI : nan  (epoch 81.53)
[Exp4_Stage2] INFO: [TRAIN] cls loss : nan, rgb : nan, MI : nan  (epoch 81.67)
[Exp4_Stage2] INFO: [TRAIN] cls loss : nan, rgb : nan, MI : nan  (epoch 81.80)
[Exp4_Stage2] INFO: [TRAIN] cls loss : nan, rgb : nan, MI : nan  (epoch 81.94)
[Exp4_Stage2] INFO: [VAL] cls loss : nan (epoch 81.00)
[Exp4_Stage2] INFO: [VAL] cls loss : nan (epoch 81.80)
[Exp4_Stage2] INFO: [TRAIN] cls loss : nan, rgb : nan, MI : nan  (epoch 82.00)
[Exp4_Stage2] INFO: [TRAIN] cls loss : nan, rgb : nan, MI : nan  (epoch 82.13)
[Exp4_Stage2] INFO: [TRAIN] cls loss : nan, rgb : nan, MI : nan  (epoch 82.26)
[Exp4_Stage2] INFO: [TRAIN] cls loss : nan, rgb : nan, MI : nan  (epoch 82.40)
[Exp4_Stage2] INFO: [TRAIN] cls loss : nan, rgb : nan, MI : nan  (epoch 82.53)
[Exp4_Stage2] INFO: [TRAIN] cls loss : nan, rgb : nan, MI : nan  (epoch 82.67)
[Exp4_Stage2] INFO: [TRAIN] cls loss : nan, rgb : nan, MI : nan  (epoch 82.80)
[Exp4_Stage2] INFO: [TRAIN] cls loss : nan, rgb : nan, MI : nan  (epoch 82.94)
[Exp4_Stage2] INFO: [VAL] cls loss : nan (epoch 82.00)
[Exp4_Stage2] INFO: [VAL] cls loss : nan (epoch 82.80)
[Exp4_Stage2] INFO: [TRAIN] cls loss : nan, rgb : nan, MI : nan  (epoch 83.00)
[Exp4_Stage2] INFO: [TRAIN] cls loss : nan, rgb : nan, MI : nan  (epoch 83.13)
[Exp4_Stage2] INFO: [TRAIN] cls loss : nan, rgb : nan, MI : nan  (epoch 83.26)
